# JRE version: OpenJDK Runtime Environment Temurin-21.0.8+9 (21.0.8+9) (build 21.0.8+9-LTS)
# Java VM: OpenJDK 64-Bit Server VM Temurin-21.0.8+9 (21.0.8+9-LTS, mixed mode, sharing, tiered, compressed oops, compressed class ptrs, g1 gc, windows-amd64)
GC Precious Log:
 CardTable entry size: 512
 Card Set container configuration: InlinePtr #cards 5 size 8 Array Of Cards #cards 12 size 40 Howl #buckets 4 coarsen threshold 1843 Howl Bitmap #cards 512 size 80 coarsen threshold 460 Card regions per heap region 1 cards per card region 2048
 CPUs: 8 total, 8 available
 Memory: 3460M
 Large Page Support: Disabled
 NUMA Support: Disabled
 Compressed Oops: Enabled (32-bit)
 Heap Region Size: 1M
 Heap Min Capacity: 8M
 Heap Initial Capacity: 56M
 Heap Max Capacity: 512M
 Pre-touch: Disabled
 Parallel Workers: 8
 Concurrent Workers: 2
 Concurrent Refinement Workers: 8
 Periodic GC: Disabled
Heap:
 garbage-first heap   total 59392K, used 47933K [0x00000000e0000000, 0x0000000100000000)
  region size 1024K, 29 young (29696K), 3 survivors (3072K)
 Metaspace       used 57199K, committed 57856K, reserved 1114112K
  class space    used 7636K, committed 7936K, reserved 1048576K
GC Heap History (20 events):
Event: 3.921 GC heap before
{Heap before GC invocations=8 (full 0):
 garbage-first heap   total 40960K, used 31788K [0x00000000e0000000, 0x0000000100000000)
  region size 1024K, 24 young (24576K), 4 survivors (4096K)
 Metaspace       used 26006K, committed 26432K, reserved 1114112K
  class space    used 3349K, committed 3520K, reserved 1048576K
}
Event: 3.929 GC heap after
{Heap after GC invocations=9 (full 0):
 garbage-first heap   total 49152K, used 11858K [0x00000000e0000000, 0x0000000100000000)
  region size 1024K, 1 young (1024K), 1 survivors (1024K)
 Metaspace       used 26006K, committed 26432K, reserved 1114112K
  class space    used 3349K, committed 3520K, reserved 1048576K
}
Event: 4.453 GC heap before
{Heap before GC invocations=9 (full 0):
 garbage-first heap   total 49152K, used 39506K [0x00000000e0000000, 0x0000000100000000)
  region size 1024K, 28 young (28672K), 1 survivors (1024K)
 Metaspace       used 29616K, committed 30016K, reserved 1114112K
  class space    used 3865K, committed 4032K, reserved 1048576K
}
Event: 4.459 GC heap after
{Heap after GC invocations=10 (full 0):
 garbage-first heap   total 49152K, used 13711K [0x00000000e0000000, 0x0000000100000000)
  region size 1024K, 3 young (3072K), 3 survivors (3072K)
 Metaspace       used 29616K, committed 30016K, reserved 1114112K
  class space    used 3865K, committed 4032K, reserved 1048576K
}
Event: 5.034 GC heap before
{Heap before GC invocations=10 (full 0):
 garbage-first heap   total 49152K, used 39311K [0x00000000e0000000, 0x0000000100000000)
  region size 1024K, 28 young (28672K), 3 survivors (3072K)
 Metaspace       used 32873K, committed 33408K, reserved 1114112K
  class space    used 4326K, committed 4544K, reserved 1048576K
}
Event: 5.039 GC heap after
{Heap after GC invocations=11 (full 0):
 garbage-first heap   total 49152K, used 14966K [0x00000000e0000000, 0x0000000100000000)
  region size 1024K, 4 young (4096K), 4 survivors (4096K)
 Metaspace       used 32873K, committed 33408K, reserved 1114112K
  class space    used 4326K, committed 4544K, reserved 1048576K
}
Event: 5.349 GC heap before
{Heap before GC invocations=11 (full 0):
 garbage-first heap   total 49152K, used 29302K [0x00000000e0000000, 0x0000000100000000)
  region size 1024K, 19 young (19456K), 4 survivors (4096K)
 Metaspace       used 35622K, committed 36160K, reserved 1114112K
  class space    used 4682K, committed 4928K, reserved 1048576K
}
Event: 5.353 GC heap after
{Heap after GC invocations=12 (full 0):
 garbage-first heap   total 49152K, used 15727K [0x00000000e0000000, 0x0000000100000000)
  region size 1024K, 3 young (3072K), 3 survivors (3072K)
 Metaspace       used 35622K, committed 36160K, reserved 1114112K
  class space    used 4682K, committed 4928K, reserved 1048576K
}
Event: 5.831 GC heap before
{Heap before GC invocations=13 (full 0):
 garbage-first heap   total 49152K, used 40303K [0x00000000e0000000, 0x0000000100000000)
  region size 1024K, 28 young (28672K), 3 survivors (3072K)
 Metaspace       used 39212K, committed 39808K, reserved 1114112K
  class space    used 5223K, committed 5504K, reserved 1048576K
}
Event: 5.835 GC heap after
{Heap after GC invocations=14 (full 0):
 garbage-first heap   total 49152K, used 16240K [0x00000000e0000000, 0x0000000100000000)
  region size 1024K, 3 young (3072K), 3 survivors (3072K)
 Metaspace       used 39212K, committed 39808K, reserved 1114112K
  class space    used 5223K, committed 5504K, reserved 1048576K
}
Event: 6.034 GC heap before
{Heap before GC invocations=14 (full 0):
 garbage-first heap   total 49152K, used 40816K [0x00000000e0000000, 0x0000000100000000)
  region size 1024K, 28 young (28672K), 3 survivors (3072K)
 Metaspace       used 43677K, committed 44224K, reserved 1114112K
  class space    used 5742K, committed 5952K, reserved 1048576K
}
Event: 6.038 GC heap after
{Heap after GC invocations=15 (full 0):
 garbage-first heap   total 49152K, used 16802K [0x00000000e0000000, 0x0000000100000000)
  region size 1024K, 3 young (3072K), 3 survivors (3072K)
 Metaspace       used 43677K, committed 44224K, reserved 1114112K
  class space    used 5742K, committed 5952K, reserved 1048576K
}
Event: 6.370 GC heap before
{Heap before GC invocations=15 (full 0):
 garbage-first heap   total 49152K, used 40354K [0x00000000e0000000, 0x0000000100000000)
  region size 1024K, 27 young (27648K), 3 survivors (3072K)
 Metaspace       used 46681K, committed 47360K, reserved 1114112K
  class space    used 6160K, committed 6464K, reserved 1048576K
}
Event: 6.375 GC heap after
{Heap after GC invocations=16 (full 0):
 garbage-first heap   total 49152K, used 18918K [0x00000000e0000000, 0x0000000100000000)
  region size 1024K, 4 young (4096K), 4 survivors (4096K)
 Metaspace       used 46681K, committed 47360K, reserved 1114112K
  class space    used 6160K, committed 6464K, reserved 1048576K
}
Event: 6.672 GC heap before
{Heap before GC invocations=16 (full 0):
 garbage-first heap   total 49152K, used 41446K [0x00000000e0000000, 0x0000000100000000)
  region size 1024K, 26 young (26624K), 4 survivors (4096K)
 Metaspace       used 49332K, committed 49984K, reserved 1114112K
  class space    used 6558K, committed 6848K, reserved 1048576K
}
Event: 6.679 GC heap after
{Heap after GC invocations=17 (full 0):
 garbage-first heap   total 49152K, used 20619K [0x00000000e0000000, 0x0000000100000000)
  region size 1024K, 4 young (4096K), 4 survivors (4096K)
 Metaspace       used 49332K, committed 49984K, reserved 1114112K
  class space    used 6558K, committed 6848K, reserved 1048576K
}
Event: 7.163 GC heap before
{Heap before GC invocations=17 (full 0):
 garbage-first heap   total 49152K, used 41099K [0x00000000e0000000, 0x0000000100000000)
  region size 1024K, 24 young (24576K), 4 survivors (4096K)
 Metaspace       used 51499K, committed 52160K, reserved 1114112K
  class space    used 6892K, committed 7168K, reserved 1048576K
}
Event: 7.168 GC heap after
{Heap after GC invocations=18 (full 0):
 garbage-first heap   total 59392K, used 21971K [0x00000000e0000000, 0x0000000100000000)
  region size 1024K, 2 young (2048K), 2 survivors (2048K)
 Metaspace       used 51499K, committed 52160K, reserved 1114112K
  class space    used 6892K, committed 7168K, reserved 1048576K
}
Event: 7.698 GC heap before
{Heap before GC invocations=18 (full 0):
 garbage-first heap   total 59392K, used 51667K [0x00000000e0000000, 0x0000000100000000)
  region size 1024K, 32 young (32768K), 2 survivors (2048K)
 Metaspace       used 54349K, committed 54976K, reserved 1114112K
  class space    used 7300K, committed 7616K, reserved 1048576K
}
Event: 7.704 GC heap after
{Heap after GC invocations=19 (full 0):
 garbage-first heap   total 59392K, used 23357K [0x00000000e0000000, 0x0000000100000000)
  region size 1024K, 3 young (3072K), 3 survivors (3072K)
 Metaspace       used 54349K, committed 54976K, reserved 1114112K
  class space    used 7300K, committed 7616K, reserved 1048576K
}

