# JRE version: OpenJDK Runtime Environment Temurin-21.0.9+10 (21.0.9+10) (build 21.0.9+10-LTS)
# Java VM: OpenJDK 64-Bit Server VM Temurin-21.0.9+10 (21.0.9+10-LTS, mixed mode, sharing, tiered, compressed oops, compressed class ptrs, parallel gc, windows-amd64)
GC Precious Log:
 CardTable entry size: 512
 CPUs: 8 total, 8 available
 Memory: 3460M
 Large Page Support: Disabled
 NUMA Support: Disabled
 Compressed Oops: Enabled (32-bit)
 Alignments: Space 512K, Generation 512K, Heap 2M
 Heap Min Capacity: 100M
 Heap Initial Capacity: 100M
 Heap Max Capacity: 2G
 Pre-touch: Disabled
 Parallel Workers: 8
Heap:
 PSYoungGen      total 13312K, used 11384K [0x00000000d5580000, 0x00000000d6600000, 0x0000000100000000)
  eden space 12800K, 85% used [0x00000000d5580000,0x00000000d602e368,0x00000000d6200000)
  from space 512K, 87% used [0x00000000d6580000,0x00000000d65f0000,0x00000000d6600000)
  to   space 1024K, 0% used [0x00000000d6400000,0x00000000d6400000,0x00000000d6500000)
 ParOldGen       total 81920K, used 71904K [0x0000000080000000, 0x0000000085000000, 0x00000000d5580000)
  object space 81920K, 87% used [0x0000000080000000,0x0000000084638178,0x0000000085000000)
 Metaspace       used 60946K, committed 62464K, reserved 1114112K
  class space    used 6518K, committed 7168K, reserved 1048576K
GC Heap History (20 events):
Event: 25.126 GC heap before
{Heap before GC invocations=72 (full 2):
 PSYoungGen      total 20992K, used 20512K [0x00000000d5580000, 0x00000000d6b00000, 0x0000000100000000)
  eden space 19968K, 100% used [0x00000000d5580000,0x00000000d6900000,0x00000000d6900000)
  from space 1024K, 53% used [0x00000000d6900000,0x00000000d6988000,0x00000000d6a00000)
  to   space 1024K, 0% used [0x00000000d6a00000,0x00000000d6a00000,0x00000000d6b00000)
 ParOldGen       total 74240K, used 73756K [0x0000000080000000, 0x0000000084880000, 0x00000000d5580000)
  object space 74240K, 99% used [0x0000000080000000,0x00000000848070c0,0x0000000084880000)
 Metaspace       used 55322K, committed 56768K, reserved 1114112K
  class space    used 5966K, committed 6592K, reserved 1048576K
}
Event: 25.132 GC heap after
{Heap after GC invocations=72 (full 2):
 PSYoungGen      total 13824K, used 1012K [0x00000000d5580000, 0x00000000d7900000, 0x0000000100000000)
  eden space 12800K, 0% used [0x00000000d5580000,0x00000000d5580000,0x00000000d6200000)
  from space 1024K, 98% used [0x00000000d6a00000,0x00000000d6afd3e8,0x00000000d6b00000)
  to   space 8192K, 0% used [0x00000000d6200000,0x00000000d6200000,0x00000000d6a00000)
 ParOldGen       total 79872K, used 79775K [0x0000000080000000, 0x0000000084e00000, 0x00000000d5580000)
  object space 79872K, 99% used [0x0000000080000000,0x0000000084de7fe8,0x0000000084e00000)
 Metaspace       used 55322K, committed 56768K, reserved 1114112K
  class space    used 5966K, committed 6592K, reserved 1048576K
}
Event: 25.294 GC heap before
{Heap before GC invocations=73 (full 2):
 PSYoungGen      total 13824K, used 13783K [0x00000000d5580000, 0x00000000d7900000, 0x0000000100000000)
  eden space 12800K, 99% used [0x00000000d5580000,0x00000000d61f8bf0,0x00000000d6200000)
  from space 1024K, 98% used [0x00000000d6a00000,0x00000000d6afd3e8,0x00000000d6b00000)
  to   space 8192K, 0% used [0x00000000d6200000,0x00000000d6200000,0x00000000d6a00000)
 ParOldGen       total 79872K, used 79775K [0x0000000080000000, 0x0000000084e00000, 0x00000000d5580000)
  object space 79872K, 99% used [0x0000000080000000,0x0000000084de7fe8,0x0000000084e00000)
 Metaspace       used 56315K, committed 57792K, reserved 1114112K
  class space    used 6020K, committed 6656K, reserved 1048576K
}
Event: 25.296 GC heap after
{Heap after GC invocations=73 (full 2):
 PSYoungGen      total 13824K, used 704K [0x00000000d5580000, 0x00000000d6a80000, 0x0000000100000000)
  eden space 12800K, 0% used [0x00000000d5580000,0x00000000d5580000,0x00000000d6200000)
  from space 1024K, 68% used [0x00000000d6200000,0x00000000d62b02f0,0x00000000d6300000)
  to   space 3072K, 0% used [0x00000000d6780000,0x00000000d6780000,0x00000000d6a80000)
 ParOldGen       total 80896K, used 80812K [0x0000000080000000, 0x0000000084f00000, 0x00000000d5580000)
  object space 80896K, 99% used [0x0000000080000000,0x0000000084eeb278,0x0000000084f00000)
 Metaspace       used 56315K, committed 57792K, reserved 1114112K
  class space    used 6020K, committed 6656K, reserved 1048576K
}
Event: 25.741 GC heap before
{Heap before GC invocations=74 (full 2):
 PSYoungGen      total 13824K, used 13441K [0x00000000d5580000, 0x00000000d6a80000, 0x0000000100000000)
  eden space 12800K, 99% used [0x00000000d5580000,0x00000000d61f0268,0x00000000d6200000)
  from space 1024K, 68% used [0x00000000d6200000,0x00000000d62b02f0,0x00000000d6300000)
  to   space 3072K, 0% used [0x00000000d6780000,0x00000000d6780000,0x00000000d6a80000)
 ParOldGen       total 80896K, used 80812K [0x0000000080000000, 0x0000000084f00000, 0x00000000d5580000)
  object space 80896K, 99% used [0x0000000080000000,0x0000000084eeb278,0x0000000084f00000)
 Metaspace       used 56831K, committed 58304K, reserved 1114112K
  class space    used 6114K, committed 6784K, reserved 1048576K
}
Event: 25.743 GC heap after
{Heap after GC invocations=74 (full 2):
 PSYoungGen      total 13312K, used 288K [0x00000000d5580000, 0x00000000d6800000, 0x0000000100000000)
  eden space 12800K, 0% used [0x00000000d5580000,0x00000000d5580000,0x00000000d6200000)
  from space 512K, 56% used [0x00000000d6780000,0x00000000d67c8000,0x00000000d6800000)
  to   space 1024K, 0% used [0x00000000d6600000,0x00000000d6600000,0x00000000d6700000)
 ParOldGen       total 81408K, used 81324K [0x0000000080000000, 0x0000000084f80000, 0x00000000d5580000)
  object space 81408K, 99% used [0x0000000080000000,0x0000000084f6b278,0x0000000084f80000)
 Metaspace       used 56831K, committed 58304K, reserved 1114112K
  class space    used 6114K, committed 6784K, reserved 1048576K
}
Event: 26.459 GC heap before
{Heap before GC invocations=75 (full 2):
 PSYoungGen      total 13312K, used 13088K [0x00000000d5580000, 0x00000000d6800000, 0x0000000100000000)
  eden space 12800K, 100% used [0x00000000d5580000,0x00000000d6200000,0x00000000d6200000)
  from space 512K, 56% used [0x00000000d6780000,0x00000000d67c8000,0x00000000d6800000)
  to   space 1024K, 0% used [0x00000000d6600000,0x00000000d6600000,0x00000000d6700000)
 ParOldGen       total 81408K, used 81324K [0x0000000080000000, 0x0000000084f80000, 0x00000000d5580000)
  object space 81408K, 99% used [0x0000000080000000,0x0000000084f6b278,0x0000000084f80000)
 Metaspace       used 57627K, committed 59072K, reserved 1114112K
  class space    used 6185K, committed 6848K, reserved 1048576K
}
Event: 26.461 GC heap after
{Heap after GC invocations=75 (full 2):
 PSYoungGen      total 13824K, used 320K [0x00000000d5580000, 0x00000000d6800000, 0x0000000100000000)
  eden space 12800K, 0% used [0x00000000d5580000,0x00000000d5580000,0x00000000d6200000)
  from space 1024K, 31% used [0x00000000d6600000,0x00000000d6650000,0x00000000d6700000)
  to   space 512K, 0% used [0x00000000d6780000,0x00000000d6780000,0x00000000d6800000)
 ParOldGen       total 81920K, used 81484K [0x0000000080000000, 0x0000000085000000, 0x00000000d5580000)
  object space 81920K, 99% used [0x0000000080000000,0x0000000084f93278,0x0000000085000000)
 Metaspace       used 57627K, committed 59072K, reserved 1114112K
  class space    used 6185K, committed 6848K, reserved 1048576K
}
Event: 26.708 GC heap before
{Heap before GC invocations=76 (full 2):
 PSYoungGen      total 13824K, used 8356K [0x00000000d5580000, 0x00000000d6800000, 0x0000000100000000)
  eden space 12800K, 62% used [0x00000000d5580000,0x00000000d5d592a8,0x00000000d6200000)
  from space 1024K, 31% used [0x00000000d6600000,0x00000000d6650000,0x00000000d6700000)
  to   space 512K, 0% used [0x00000000d6780000,0x00000000d6780000,0x00000000d6800000)
 ParOldGen       total 81920K, used 81484K [0x0000000080000000, 0x0000000085000000, 0x00000000d5580000)
  object space 81920K, 99% used [0x0000000080000000,0x0000000084f93278,0x0000000085000000)
 Metaspace       used 58358K, committed 59776K, reserved 1114112K
  class space    used 6258K, committed 6912K, reserved 1048576K
}
Event: 26.711 GC heap after
{Heap after GC invocations=76 (full 2):
 PSYoungGen      total 13312K, used 512K [0x00000000d5580000, 0x00000000d6800000, 0x0000000100000000)
  eden space 12800K, 0% used [0x00000000d5580000,0x00000000d5580000,0x00000000d6200000)
  from space 512K, 100% used [0x00000000d6780000,0x00000000d6800000,0x00000000d6800000)
  to   space 1024K, 0% used [0x00000000d6600000,0x00000000d6600000,0x00000000d6700000)
 ParOldGen       total 81920K, used 81673K [0x0000000080000000, 0x0000000085000000, 0x00000000d5580000)
  object space 81920K, 99% used [0x0000000080000000,0x0000000084fc2530,0x0000000085000000)
 Metaspace       used 58358K, committed 59776K, reserved 1114112K
  class space    used 6258K, committed 6912K, reserved 1048576K
}
Event: 26.711 GC heap before
{Heap before GC invocations=77 (full 3):
 PSYoungGen      total 13312K, used 512K [0x00000000d5580000, 0x00000000d6800000, 0x0000000100000000)
  eden space 12800K, 0% used [0x00000000d5580000,0x00000000d5580000,0x00000000d6200000)
  from space 512K, 100% used [0x00000000d6780000,0x00000000d6800000,0x00000000d6800000)
  to   space 1024K, 0% used [0x00000000d6600000,0x00000000d6600000,0x00000000d6700000)
 ParOldGen       total 81920K, used 81673K [0x0000000080000000, 0x0000000085000000, 0x00000000d5580000)
  object space 81920K, 99% used [0x0000000080000000,0x0000000084fc2530,0x0000000085000000)
 Metaspace       used 58358K, committed 59776K, reserved 1114112K
  class space    used 6258K, committed 6912K, reserved 1048576K
}
Event: 26.877 GC heap after
{Heap after GC invocations=77 (full 3):
 PSYoungGen      total 13312K, used 0K [0x00000000d5580000, 0x00000000d6800000, 0x0000000100000000)
  eden space 12800K, 0% used [0x00000000d5580000,0x00000000d5580000,0x00000000d6200000)
  from space 512K, 0% used [0x00000000d6780000,0x00000000d6780000,0x00000000d6800000)
  to   space 1024K, 0% used [0x00000000d6600000,0x00000000d6600000,0x00000000d6700000)
 ParOldGen       total 81920K, used 67648K [0x0000000080000000, 0x0000000085000000, 0x00000000d5580000)
  object space 81920K, 82% used [0x0000000080000000,0x0000000084210248,0x0000000085000000)
 Metaspace       used 58346K, committed 59776K, reserved 1114112K
  class space    used 6255K, committed 6912K, reserved 1048576K
}
Event: 26.984 GC heap before
{Heap before GC invocations=78 (full 3):
 PSYoungGen      total 13312K, used 12800K [0x00000000d5580000, 0x00000000d6800000, 0x0000000100000000)
  eden space 12800K, 100% used [0x00000000d5580000,0x00000000d6200000,0x00000000d6200000)
  from space 512K, 0% used [0x00000000d6780000,0x00000000d6780000,0x00000000d6800000)
  to   space 1024K, 0% used [0x00000000d6600000,0x00000000d6600000,0x00000000d6700000)
 ParOldGen       total 81920K, used 67648K [0x0000000080000000, 0x0000000085000000, 0x00000000d5580000)
  object space 81920K, 82% used [0x0000000080000000,0x0000000084210248,0x0000000085000000)
 Metaspace       used 58648K, committed 60160K, reserved 1114112K
  class space    used 6275K, committed 6912K, reserved 1048576K
}
Event: 26.987 GC heap after
{Heap after GC invocations=78 (full 3):
 PSYoungGen      total 13824K, used 1014K [0x00000000d5580000, 0x00000000d6800000, 0x0000000100000000)
  eden space 12800K, 0% used [0x00000000d5580000,0x00000000d5580000,0x00000000d6200000)
  from space 1024K, 99% used [0x00000000d6600000,0x00000000d66fdb80,0x00000000d6700000)
  to   space 1024K, 0% used [0x00000000d6700000,0x00000000d6700000,0x00000000d6800000)
 ParOldGen       total 81920K, used 69220K [0x0000000080000000, 0x0000000085000000, 0x00000000d5580000)
  object space 81920K, 84% used [0x0000000080000000,0x00000000843991b0,0x0000000085000000)
 Metaspace       used 58648K, committed 60160K, reserved 1114112K
  class space    used 6275K, committed 6912K, reserved 1048576K
}
Event: 27.075 GC heap before
{Heap before GC invocations=79 (full 3):
 PSYoungGen      total 13824K, used 13814K [0x00000000d5580000, 0x00000000d6800000, 0x0000000100000000)
  eden space 12800K, 100% used [0x00000000d5580000,0x00000000d6200000,0x00000000d6200000)
  from space 1024K, 99% used [0x00000000d6600000,0x00000000d66fdb80,0x00000000d6700000)
  to   space 1024K, 0% used [0x00000000d6700000,0x00000000d6700000,0x00000000d6800000)
 ParOldGen       total 81920K, used 69220K [0x0000000080000000, 0x0000000085000000, 0x00000000d5580000)
  object space 81920K, 84% used [0x0000000080000000,0x00000000843991b0,0x0000000085000000)
 Metaspace       used 58738K, committed 60224K, reserved 1114112K
  class space    used 6281K, committed 6912K, reserved 1048576K
}
Event: 27.079 GC heap after
{Heap after GC invocations=79 (full 3):
 PSYoungGen      total 13824K, used 1011K [0x00000000d5580000, 0x00000000d6900000, 0x0000000100000000)
  eden space 12800K, 0% used [0x00000000d5580000,0x00000000d5580000,0x00000000d6200000)
  from space 1024K, 98% used [0x00000000d6700000,0x00000000d67fce90,0x00000000d6800000)
  to   space 3584K, 0% used [0x00000000d6200000,0x00000000d6200000,0x00000000d6580000)
 ParOldGen       total 81920K, used 71184K [0x0000000080000000, 0x0000000085000000, 0x00000000d5580000)
  object space 81920K, 86% used [0x0000000080000000,0x0000000084584168,0x0000000085000000)
 Metaspace       used 58738K, committed 60224K, reserved 1114112K
  class space    used 6281K, committed 6912K, reserved 1048576K
}
Event: 27.148 GC heap before
{Heap before GC invocations=80 (full 3):
 PSYoungGen      total 13824K, used 13811K [0x00000000d5580000, 0x00000000d6900000, 0x0000000100000000)
  eden space 12800K, 100% used [0x00000000d5580000,0x00000000d6200000,0x00000000d6200000)
  from space 1024K, 98% used [0x00000000d6700000,0x00000000d67fce90,0x00000000d6800000)
  to   space 3584K, 0% used [0x00000000d6200000,0x00000000d6200000,0x00000000d6580000)
 ParOldGen       total 81920K, used 71184K [0x0000000080000000, 0x0000000085000000, 0x00000000d5580000)
  object space 81920K, 86% used [0x0000000080000000,0x0000000084584168,0x0000000085000000)
 Metaspace       used 58848K, committed 60352K, reserved 1114112K
  class space    used 6304K, committed 6976K, reserved 1048576K
}
Event: 27.151 GC heap after
{Heap after GC invocations=80 (full 3):
 PSYoungGen      total 16384K, used 1252K [0x00000000d5580000, 0x00000000d6780000, 0x0000000100000000)
  eden space 12800K, 0% used [0x00000000d5580000,0x00000000d5580000,0x00000000d6200000)
  from space 3584K, 34% used [0x00000000d6200000,0x00000000d63391c8,0x00000000d6580000)
  to   space 2048K, 0% used [0x00000000d6580000,0x00000000d6580000,0x00000000d6780000)
 ParOldGen       total 81920K, used 71816K [0x0000000080000000, 0x0000000085000000, 0x00000000d5580000)
  object space 81920K, 87% used [0x0000000080000000,0x0000000084622178,0x0000000085000000)
 Metaspace       used 58848K, committed 60352K, reserved 1114112K
  class space    used 6304K, committed 6976K, reserved 1048576K
}
Event: 27.304 GC heap before
{Heap before GC invocations=81 (full 3):
 PSYoungGen      total 16384K, used 14052K [0x00000000d5580000, 0x00000000d6780000, 0x0000000100000000)
  eden space 12800K, 100% used [0x00000000d5580000,0x00000000d6200000,0x00000000d6200000)
  from space 3584K, 34% used [0x00000000d6200000,0x00000000d63391c8,0x00000000d6580000)
  to   space 2048K, 0% used [0x00000000d6580000,0x00000000d6580000,0x00000000d6780000)
 ParOldGen       total 81920K, used 71816K [0x0000000080000000, 0x0000000085000000, 0x00000000d5580000)
  object space 81920K, 87% used [0x0000000080000000,0x0000000084622178,0x0000000085000000)
 Metaspace       used 59849K, committed 61312K, reserved 1114112K
  class space    used 6395K, committed 7040K, reserved 1048576K
}
Event: 27.307 GC heap after
{Heap after GC invocations=81 (full 3):
 PSYoungGen      total 13312K, used 448K [0x00000000d5580000, 0x00000000d6600000, 0x0000000100000000)
  eden space 12800K, 0% used [0x00000000d5580000,0x00000000d5580000,0x00000000d6200000)
  from space 512K, 87% used [0x00000000d6580000,0x00000000d65f0000,0x00000000d6600000)
  to   space 1024K, 0% used [0x00000000d6400000,0x00000000d6400000,0x00000000d6500000)
 ParOldGen       total 81920K, used 71904K [0x0000000080000000, 0x0000000085000000, 0x00000000d5580000)
  object space 81920K, 87% used [0x0000000080000000,0x0000000084638178,0x0000000085000000)
 Metaspace       used 59849K, committed 61312K, reserved 1114112K
  class space    used 6395K, committed 7040K, reserved 1048576K
}

