# JRE version: OpenJDK Runtime Environment Temurin-21.0.9+10 (21.0.9+10) (build 21.0.9+10-LTS)
# Java VM: OpenJDK 64-Bit Server VM Temurin-21.0.9+10 (21.0.9+10-LTS, mixed mode, sharing, tiered, compressed oops, compressed class ptrs, parallel gc, windows-amd64)
GC Precious Log:
 CardTable entry size: 512
 CPUs: 8 total, 8 available
 Memory: 3460M
 Large Page Support: Disabled
 NUMA Support: Disabled
 Compressed Oops: Enabled (32-bit)
 Alignments: Space 512K, Generation 512K, Heap 2M
 Heap Min Capacity: 100M
 Heap Initial Capacity: 100M
 Heap Max Capacity: 2G
 Pre-touch: Disabled
 Parallel Workers: 8
Heap:
 PSYoungGen      total 6656K, used 5828K [0x00000000d5580000, 0x00000000d5e80000, 0x0000000100000000)
  eden space 4608K, 82% used [0x00000000d5580000,0x00000000d5935860,0x00000000d5a00000)
  from space 2048K, 99% used [0x00000000d5c80000,0x00000000d5e7bb20,0x00000000d5e80000)
  to   space 512K, 0% used [0x00000000d5a00000,0x00000000d5a00000,0x00000000d5a80000)
 ParOldGen       total 918016K, used 409365K [0x0000000080000000, 0x00000000b8080000, 0x00000000d5580000)
  object space 918016K, 44% used [0x0000000080000000,0x0000000098fc5638,0x00000000b8080000)
 Metaspace       used 95078K, committed 96832K, reserved 1179648K
  class space    used 9724K, committed 10560K, reserved 1048576K
GC Heap History (20 events):
Event: 2129.983 GC heap before
{Heap before GC invocations=1498 (full 5):
 PSYoungGen      total 1536K, used 1279K [0x00000000d5580000, 0x00000000d5900000, 0x0000000100000000)
  eden space 1024K, 99% used [0x00000000d5580000,0x00000000d567fff8,0x00000000d5680000)
  from space 512K, 50% used [0x00000000d5880000,0x00000000d58c0000,0x00000000d5900000)
  to   space 512K, 0% used [0x00000000d5800000,0x00000000d5800000,0x00000000d5880000)
 ParOldGen       total 918016K, used 398254K [0x0000000080000000, 0x00000000b8080000, 0x00000000d5580000)
  object space 918016K, 43% used [0x0000000080000000,0x00000000984eba70,0x00000000b8080000)
 Metaspace       used 95065K, committed 96832K, reserved 1179648K
  class space    used 9723K, committed 10560K, reserved 1048576K
}
Event: 2129.987 GC heap after
{Heap after GC invocations=1498 (full 5):
 PSYoungGen      total 2048K, used 486K [0x00000000d5580000, 0x00000000d5900000, 0x0000000100000000)
  eden space 1536K, 0% used [0x00000000d5580000,0x00000000d5580000,0x00000000d5700000)
  from space 512K, 94% used [0x00000000d5800000,0x00000000d5879808,0x00000000d5880000)
  to   space 512K, 0% used [0x00000000d5880000,0x00000000d5880000,0x00000000d5900000)
 ParOldGen       total 918016K, used 398468K [0x0000000080000000, 0x00000000b8080000, 0x00000000d5580000)
  object space 918016K, 43% used [0x0000000080000000,0x0000000098521278,0x00000000b8080000)
 Metaspace       used 95065K, committed 96832K, reserved 1179648K
  class space    used 9723K, committed 10560K, reserved 1048576K
}
Event: 2129.991 GC heap before
{Heap before GC invocations=1499 (full 5):
 PSYoungGen      total 2048K, used 2022K [0x00000000d5580000, 0x00000000d5900000, 0x0000000100000000)
  eden space 1536K, 99% used [0x00000000d5580000,0x00000000d56ffff8,0x00000000d5700000)
  from space 512K, 94% used [0x00000000d5800000,0x00000000d5879808,0x00000000d5880000)
  to   space 512K, 0% used [0x00000000d5880000,0x00000000d5880000,0x00000000d5900000)
 ParOldGen       total 918016K, used 398468K [0x0000000080000000, 0x00000000b8080000, 0x00000000d5580000)
  object space 918016K, 43% used [0x0000000080000000,0x0000000098521278,0x00000000b8080000)
 Metaspace       used 95065K, committed 96832K, reserved 1179648K
  class space    used 9723K, committed 10560K, reserved 1048576K
}
Event: 2129.999 GC heap after
{Heap after GC invocations=1499 (full 5):
 PSYoungGen      total 2048K, used 512K [0x00000000d5580000, 0x00000000d5a80000, 0x0000000100000000)
  eden space 1536K, 0% used [0x00000000d5580000,0x00000000d5580000,0x00000000d5700000)
  from space 512K, 100% used [0x00000000d5880000,0x00000000d5900000,0x00000000d5900000)
  to   space 1536K, 0% used [0x00000000d5700000,0x00000000d5700000,0x00000000d5880000)
 ParOldGen       total 918016K, used 399114K [0x0000000080000000, 0x00000000b8080000, 0x00000000d5580000)
  object space 918016K, 43% used [0x0000000080000000,0x00000000985c2a80,0x00000000b8080000)
 Metaspace       used 95065K, committed 96832K, reserved 1179648K
  class space    used 9723K, committed 10560K, reserved 1048576K
}
Event: 2130.004 GC heap before
{Heap before GC invocations=1500 (full 5):
 PSYoungGen      total 2048K, used 2048K [0x00000000d5580000, 0x00000000d5a80000, 0x0000000100000000)
  eden space 1536K, 100% used [0x00000000d5580000,0x00000000d5700000,0x00000000d5700000)
  from space 512K, 100% used [0x00000000d5880000,0x00000000d5900000,0x00000000d5900000)
  to   space 1536K, 0% used [0x00000000d5700000,0x00000000d5700000,0x00000000d5880000)
 ParOldGen       total 918016K, used 399114K [0x0000000080000000, 0x00000000b8080000, 0x00000000d5580000)
  object space 918016K, 43% used [0x0000000080000000,0x00000000985c2a80,0x00000000b8080000)
 Metaspace       used 95065K, committed 96832K, reserved 1179648K
  class space    used 9723K, committed 10560K, reserved 1048576K
}
Event: 2130.010 GC heap after
{Heap after GC invocations=1500 (full 5):
 PSYoungGen      total 3072K, used 1152K [0x00000000d5580000, 0x00000000d5a80000, 0x0000000100000000)
  eden space 1536K, 0% used [0x00000000d5580000,0x00000000d5580000,0x00000000d5700000)
  from space 1536K, 75% used [0x00000000d5700000,0x00000000d5820000,0x00000000d5880000)
  to   space 1536K, 0% used [0x00000000d5900000,0x00000000d5900000,0x00000000d5a80000)
 ParOldGen       total 918016K, used 399666K [0x0000000080000000, 0x00000000b8080000, 0x00000000d5580000)
  object space 918016K, 43% used [0x0000000080000000,0x000000009864ca80,0x00000000b8080000)
 Metaspace       used 95065K, committed 96832K, reserved 1179648K
  class space    used 9723K, committed 10560K, reserved 1048576K
}
Event: 2130.014 GC heap before
{Heap before GC invocations=1501 (full 5):
 PSYoungGen      total 3072K, used 2687K [0x00000000d5580000, 0x00000000d5a80000, 0x0000000100000000)
  eden space 1536K, 99% used [0x00000000d5580000,0x00000000d56fffe8,0x00000000d5700000)
  from space 1536K, 75% used [0x00000000d5700000,0x00000000d5820000,0x00000000d5880000)
  to   space 1536K, 0% used [0x00000000d5900000,0x00000000d5900000,0x00000000d5a80000)
 ParOldGen       total 918016K, used 399666K [0x0000000080000000, 0x00000000b8080000, 0x00000000d5580000)
  object space 918016K, 43% used [0x0000000080000000,0x000000009864ca80,0x00000000b8080000)
 Metaspace       used 95065K, committed 96832K, reserved 1179648K
  class space    used 9723K, committed 10560K, reserved 1048576K
}
Event: 2130.024 GC heap after
{Heap after GC invocations=1501 (full 5):
 PSYoungGen      total 3584K, used 1440K [0x00000000d5580000, 0x00000000d5a80000, 0x0000000100000000)
  eden space 2048K, 0% used [0x00000000d5580000,0x00000000d5580000,0x00000000d5780000)
  from space 1536K, 93% used [0x00000000d5900000,0x00000000d5a68000,0x00000000d5a80000)
  to   space 1536K, 0% used [0x00000000d5780000,0x00000000d5780000,0x00000000d5900000)
 ParOldGen       total 918016K, used 400682K [0x0000000080000000, 0x00000000b8080000, 0x00000000d5580000)
  object space 918016K, 43% used [0x0000000080000000,0x000000009874aa80,0x00000000b8080000)
 Metaspace       used 95065K, committed 96832K, reserved 1179648K
  class space    used 9723K, committed 10560K, reserved 1048576K
}
Event: 2130.041 GC heap before
{Heap before GC invocations=1502 (full 5):
 PSYoungGen      total 3584K, used 3488K [0x00000000d5580000, 0x00000000d5a80000, 0x0000000100000000)
  eden space 2048K, 100% used [0x00000000d5580000,0x00000000d5780000,0x00000000d5780000)
  from space 1536K, 93% used [0x00000000d5900000,0x00000000d5a68000,0x00000000d5a80000)
  to   space 1536K, 0% used [0x00000000d5780000,0x00000000d5780000,0x00000000d5900000)
 ParOldGen       total 918016K, used 400682K [0x0000000080000000, 0x00000000b8080000, 0x00000000d5580000)
  object space 918016K, 43% used [0x0000000080000000,0x000000009874aa80,0x00000000b8080000)
 Metaspace       used 95065K, committed 96832K, reserved 1179648K
  class space    used 9723K, committed 10560K, reserved 1048576K
}
Event: 2130.050 GC heap after
{Heap after GC invocations=1502 (full 5):
 PSYoungGen      total 3584K, used 1516K [0x00000000d5580000, 0x00000000d5f00000, 0x0000000100000000)
  eden space 2048K, 0% used [0x00000000d5580000,0x00000000d5580000,0x00000000d5780000)
  from space 1536K, 98% used [0x00000000d5780000,0x00000000d58fb010,0x00000000d5900000)
  to   space 3584K, 0% used [0x00000000d5b80000,0x00000000d5b80000,0x00000000d5f00000)
 ParOldGen       total 918016K, used 402026K [0x0000000080000000, 0x00000000b8080000, 0x00000000d5580000)
  object space 918016K, 43% used [0x0000000080000000,0x000000009889aa80,0x00000000b8080000)
 Metaspace       used 95065K, committed 96832K, reserved 1179648K
  class space    used 9723K, committed 10560K, reserved 1048576K
}
Event: 2130.058 GC heap before
{Heap before GC invocations=1503 (full 5):
 PSYoungGen      total 3584K, used 3564K [0x00000000d5580000, 0x00000000d5f00000, 0x0000000100000000)
  eden space 2048K, 100% used [0x00000000d5580000,0x00000000d5780000,0x00000000d5780000)
  from space 1536K, 98% used [0x00000000d5780000,0x00000000d58fb010,0x00000000d5900000)
  to   space 3584K, 0% used [0x00000000d5b80000,0x00000000d5b80000,0x00000000d5f00000)
 ParOldGen       total 918016K, used 402026K [0x0000000080000000, 0x00000000b8080000, 0x00000000d5580000)
  object space 918016K, 43% used [0x0000000080000000,0x000000009889aa80,0x00000000b8080000)
 Metaspace       used 95065K, committed 96832K, reserved 1179648K
  class space    used 9723K, committed 10560K, reserved 1048576K
}
Event: 2130.068 GC heap after
{Heap after GC invocations=1503 (full 5):
 PSYoungGen      total 5120K, used 2144K [0x00000000d5580000, 0x00000000d5e00000, 0x0000000100000000)
  eden space 2560K, 0% used [0x00000000d5580000,0x00000000d5580000,0x00000000d5800000)
  from space 2560K, 83% used [0x00000000d5b80000,0x00000000d5d98000,0x00000000d5e00000)
  to   space 2560K, 0% used [0x00000000d5900000,0x00000000d5900000,0x00000000d5b80000)
 ParOldGen       total 918016K, used 403454K [0x0000000080000000, 0x00000000b8080000, 0x00000000d5580000)
  object space 918016K, 43% used [0x0000000080000000,0x00000000989ffa90,0x00000000b8080000)
 Metaspace       used 95065K, committed 96832K, reserved 1179648K
  class space    used 9723K, committed 10560K, reserved 1048576K
}
Event: 2146.848 GC heap before
{Heap before GC invocations=1504 (full 5):
 PSYoungGen      total 5120K, used 4704K [0x00000000d5580000, 0x00000000d5e00000, 0x0000000100000000)
  eden space 2560K, 100% used [0x00000000d5580000,0x00000000d5800000,0x00000000d5800000)
  from space 2560K, 83% used [0x00000000d5b80000,0x00000000d5d98000,0x00000000d5e00000)
  to   space 2560K, 0% used [0x00000000d5900000,0x00000000d5900000,0x00000000d5b80000)
 ParOldGen       total 918016K, used 403454K [0x0000000080000000, 0x00000000b8080000, 0x00000000d5580000)
  object space 918016K, 43% used [0x0000000080000000,0x00000000989ffa90,0x00000000b8080000)
 Metaspace       used 95074K, committed 96832K, reserved 1179648K
  class space    used 9723K, committed 10560K, reserved 1048576K
}
Event: 2146.865 GC heap after
{Heap after GC invocations=1504 (full 5):
 PSYoungGen      total 4096K, used 736K [0x00000000d5580000, 0x00000000d5c00000, 0x0000000100000000)
  eden space 3072K, 0% used [0x00000000d5580000,0x00000000d5580000,0x00000000d5880000)
  from space 1024K, 71% used [0x00000000d5900000,0x00000000d59b8000,0x00000000d5a00000)
  to   space 1536K, 0% used [0x00000000d5a80000,0x00000000d5a80000,0x00000000d5c00000)
 ParOldGen       total 918016K, used 405526K [0x0000000080000000, 0x00000000b8080000, 0x00000000d5580000)
  object space 918016K, 44% used [0x0000000080000000,0x0000000098c05a90,0x00000000b8080000)
 Metaspace       used 95074K, committed 96832K, reserved 1179648K
  class space    used 9723K, committed 10560K, reserved 1048576K
}
Event: 2163.168 GC heap before
{Heap before GC invocations=1505 (full 5):
 PSYoungGen      total 4096K, used 3806K [0x00000000d5580000, 0x00000000d5c00000, 0x0000000100000000)
  eden space 3072K, 99% used [0x00000000d5580000,0x00000000d587f9c0,0x00000000d5880000)
  from space 1024K, 71% used [0x00000000d5900000,0x00000000d59b8000,0x00000000d5a00000)
  to   space 1536K, 0% used [0x00000000d5a80000,0x00000000d5a80000,0x00000000d5c00000)
 ParOldGen       total 918016K, used 405526K [0x0000000080000000, 0x00000000b8080000, 0x00000000d5580000)
  object space 918016K, 44% used [0x0000000080000000,0x0000000098c05a90,0x00000000b8080000)
 Metaspace       used 95074K, committed 96832K, reserved 1179648K
  class space    used 9723K, committed 10560K, reserved 1048576K
}
Event: 2163.175 GC heap after
{Heap after GC invocations=1505 (full 5):
 PSYoungGen      total 4608K, used 192K [0x00000000d5580000, 0x00000000d5b00000, 0x0000000100000000)
  eden space 4096K, 0% used [0x00000000d5580000,0x00000000d5580000,0x00000000d5980000)
  from space 512K, 37% used [0x00000000d5a80000,0x00000000d5ab0000,0x00000000d5b00000)
  to   space 512K, 0% used [0x00000000d5a00000,0x00000000d5a00000,0x00000000d5a80000)
 ParOldGen       total 918016K, used 406158K [0x0000000080000000, 0x00000000b8080000, 0x00000000d5580000)
  object space 918016K, 44% used [0x0000000080000000,0x0000000098ca3a90,0x00000000b8080000)
 Metaspace       used 95074K, committed 96832K, reserved 1179648K
  class space    used 9723K, committed 10560K, reserved 1048576K
}
Event: 2177.813 GC heap before
{Heap before GC invocations=1506 (full 5):
 PSYoungGen      total 4608K, used 4288K [0x00000000d5580000, 0x00000000d5b00000, 0x0000000100000000)
  eden space 4096K, 100% used [0x00000000d5580000,0x00000000d5980000,0x00000000d5980000)
  from space 512K, 37% used [0x00000000d5a80000,0x00000000d5ab0000,0x00000000d5b00000)
  to   space 512K, 0% used [0x00000000d5a00000,0x00000000d5a00000,0x00000000d5a80000)
 ParOldGen       total 918016K, used 406158K [0x0000000080000000, 0x00000000b8080000, 0x00000000d5580000)
  object space 918016K, 44% used [0x0000000080000000,0x0000000098ca3a90,0x00000000b8080000)
 Metaspace       used 95078K, committed 96832K, reserved 1179648K
  class space    used 9724K, committed 10560K, reserved 1048576K
}
Event: 2177.819 GC heap after
{Heap after GC invocations=1506 (full 5):
 PSYoungGen      total 5120K, used 511K [0x00000000d5580000, 0x00000000d5e80000, 0x0000000100000000)
  eden space 4608K, 0% used [0x00000000d5580000,0x00000000d5580000,0x00000000d5a00000)
  from space 512K, 99% used [0x00000000d5a00000,0x00000000d5a7ff10,0x00000000d5a80000)
  to   space 2048K, 0% used [0x00000000d5c80000,0x00000000d5c80000,0x00000000d5e80000)
 ParOldGen       total 918016K, used 407105K [0x0000000080000000, 0x00000000b8080000, 0x00000000d5580000)
  object space 918016K, 44% used [0x0000000080000000,0x0000000098d90590,0x00000000b8080000)
 Metaspace       used 95078K, committed 96832K, reserved 1179648K
  class space    used 9724K, committed 10560K, reserved 1048576K
}
Event: 2177.903 GC heap before
{Heap before GC invocations=1507 (full 5):
 PSYoungGen      total 5120K, used 4894K [0x00000000d5580000, 0x00000000d5e80000, 0x0000000100000000)
  eden space 4608K, 95% used [0x00000000d5580000,0x00000000d59c7a10,0x00000000d5a00000)
  from space 512K, 99% used [0x00000000d5a00000,0x00000000d5a7ff10,0x00000000d5a80000)
  to   space 2048K, 0% used [0x00000000d5c80000,0x00000000d5c80000,0x00000000d5e80000)
 ParOldGen       total 918016K, used 407105K [0x0000000080000000, 0x00000000b8080000, 0x00000000d5580000)
  object space 918016K, 44% used [0x0000000080000000,0x0000000098d90590,0x00000000b8080000)
 Metaspace       used 95078K, committed 96832K, reserved 1179648K
  class space    used 9724K, committed 10560K, reserved 1048576K
}
Event: 2179.938 GC heap after
{Heap after GC invocations=1507 (full 5):
 PSYoungGen      total 6656K, used 2030K [0x00000000d5580000, 0x00000000d5e80000, 0x0000000100000000)
  eden space 4608K, 0% used [0x00000000d5580000,0x00000000d5580000,0x00000000d5a00000)
  from space 2048K, 99% used [0x00000000d5c80000,0x00000000d5e7bb20,0x00000000d5e80000)
  to   space 512K, 0% used [0x00000000d5a00000,0x00000000d5a00000,0x00000000d5a80000)
 ParOldGen       total 918016K, used 409365K [0x0000000080000000, 0x00000000b8080000, 0x00000000d5580000)
  object space 918016K, 44% used [0x0000000080000000,0x0000000098fc5638,0x00000000b8080000)
 Metaspace       used 95078K, committed 96832K, reserved 1179648K
  class space    used 9724K, committed 10560K, reserved 1048576K
}

