# JRE version: OpenJDK Runtime Environment Temurin-21.0.9+10 (21.0.9+10) (build 21.0.9+10-LTS)
# Java VM: OpenJDK 64-Bit Server VM Temurin-21.0.9+10 (21.0.9+10-LTS, mixed mode, sharing, tiered, compressed oops, compressed class ptrs, parallel gc, windows-amd64)
GC Precious Log:
 CardTable entry size: 512
 CPUs: 8 total, 8 available
 Memory: 3460M
 Large Page Support: Disabled
 NUMA Support: Disabled
 Compressed Oops: Enabled (32-bit)
 Alignments: Space 512K, Generation 512K, Heap 2M
 Heap Min Capacity: 100M
 Heap Initial Capacity: 100M
 Heap Max Capacity: 2G
 Pre-touch: Disabled
 Parallel Workers: 8
Heap:
 PSYoungGen      total 6656K, used 4846K [0x00000000d5580000, 0x00000000d5d80000, 0x0000000100000000)
  eden space 5120K, 73% used [0x00000000d5580000,0x00000000d5932738,0x00000000d5a80000)
  from space 1536K, 69% used [0x00000000d5c00000,0x00000000d5d091d8,0x00000000d5d80000)
  to   space 1536K, 0% used [0x00000000d5a80000,0x00000000d5a80000,0x00000000d5c00000)
 ParOldGen       total 785408K, used 785189K [0x0000000080000000, 0x00000000aff00000, 0x00000000d5580000)
  object space 785408K, 99% used [0x0000000080000000,0x00000000afec9578,0x00000000aff00000)
 Metaspace       used 74168K, committed 75840K, reserved 1179648K
  class space    used 7971K, committed 8704K, reserved 1048576K
GC Heap History (20 events):
Event: 127.930 GC heap before
{Heap before GC invocations=1026 (full 3):
 PSYoungGen      total 7168K, used 7051K [0x00000000d5580000, 0x00000000d5e00000, 0x0000000100000000)
  eden space 6656K, 100% used [0x00000000d5580000,0x00000000d5c00000,0x00000000d5c00000)
  from space 512K, 77% used [0x00000000d5d80000,0x00000000d5de2fb0,0x00000000d5e00000)
  to   space 1024K, 0% used [0x00000000d5c00000,0x00000000d5c00000,0x00000000d5d00000)
 ParOldGen       total 778752K, used 778569K [0x0000000080000000, 0x00000000af880000, 0x00000000d5580000)
  object space 778752K, 99% used [0x0000000080000000,0x00000000af852470,0x00000000af880000)
 Metaspace       used 71083K, committed 72704K, reserved 1114112K
  class space    used 7663K, committed 8384K, reserved 1048576K
}
Event: 127.935 GC heap after
{Heap after GC invocations=1026 (full 3):
 PSYoungGen      total 7680K, used 1008K [0x00000000d5580000, 0x00000000d5f00000, 0x0000000100000000)
  eden space 6656K, 0% used [0x00000000d5580000,0x00000000d5580000,0x00000000d5c00000)
  from space 1024K, 98% used [0x00000000d5c00000,0x00000000d5cfc010,0x00000000d5d00000)
  to   space 1536K, 0% used [0x00000000d5d80000,0x00000000d5d80000,0x00000000d5f00000)
 ParOldGen       total 779264K, used 778813K [0x0000000080000000, 0x00000000af900000, 0x00000000d5580000)
  object space 779264K, 99% used [0x0000000080000000,0x00000000af88f428,0x00000000af900000)
 Metaspace       used 71083K, committed 72704K, reserved 1114112K
  class space    used 7663K, committed 8384K, reserved 1048576K
}
Event: 128.229 GC heap before
{Heap before GC invocations=1027 (full 3):
 PSYoungGen      total 7680K, used 7662K [0x00000000d5580000, 0x00000000d5f00000, 0x0000000100000000)
  eden space 6656K, 99% used [0x00000000d5580000,0x00000000d5bff930,0x00000000d5c00000)
  from space 1024K, 98% used [0x00000000d5c00000,0x00000000d5cfc010,0x00000000d5d00000)
  to   space 1536K, 0% used [0x00000000d5d80000,0x00000000d5d80000,0x00000000d5f00000)
 ParOldGen       total 779264K, used 778813K [0x0000000080000000, 0x00000000af900000, 0x00000000d5580000)
  object space 779264K, 99% used [0x0000000080000000,0x00000000af88f428,0x00000000af900000)
 Metaspace       used 71505K, committed 73152K, reserved 1114112K
  class space    used 7729K, committed 8448K, reserved 1048576K
}
Event: 128.234 GC heap after
{Heap after GC invocations=1027 (full 3):
 PSYoungGen      total 8192K, used 1056K [0x00000000d5580000, 0x00000000d5f00000, 0x0000000100000000)
  eden space 6656K, 0% used [0x00000000d5580000,0x00000000d5580000,0x00000000d5c00000)
  from space 1536K, 68% used [0x00000000d5d80000,0x00000000d5e88000,0x00000000d5f00000)
  to   space 1536K, 0% used [0x00000000d5c00000,0x00000000d5c00000,0x00000000d5d80000)
 ParOldGen       total 779776K, used 779709K [0x0000000080000000, 0x00000000af980000, 0x00000000d5580000)
  object space 779776K, 99% used [0x0000000080000000,0x00000000af96f4e8,0x00000000af980000)
 Metaspace       used 71505K, committed 73152K, reserved 1114112K
  class space    used 7729K, committed 8448K, reserved 1048576K
}
Event: 231.098 GC heap before
{Heap before GC invocations=1028 (full 3):
 PSYoungGen      total 8192K, used 7711K [0x00000000d5580000, 0x00000000d5f00000, 0x0000000100000000)
  eden space 6656K, 99% used [0x00000000d5580000,0x00000000d5bfff80,0x00000000d5c00000)
  from space 1536K, 68% used [0x00000000d5d80000,0x00000000d5e88000,0x00000000d5f00000)
  to   space 1536K, 0% used [0x00000000d5c00000,0x00000000d5c00000,0x00000000d5d80000)
 ParOldGen       total 779776K, used 779709K [0x0000000080000000, 0x00000000af980000, 0x00000000d5580000)
  object space 779776K, 99% used [0x0000000080000000,0x00000000af96f4e8,0x00000000af980000)
 Metaspace       used 72147K, committed 73792K, reserved 1114112K
  class space    used 7804K, committed 8512K, reserved 1048576K
}
Event: 233.330 GC heap after
{Heap after GC invocations=1028 (full 3):
 PSYoungGen      total 7168K, used 384K [0x00000000d5580000, 0x00000000d5e00000, 0x0000000100000000)
  eden space 6656K, 0% used [0x00000000d5580000,0x00000000d5580000,0x00000000d5c00000)
  from space 512K, 75% used [0x00000000d5c00000,0x00000000d5c60020,0x00000000d5c80000)
  to   space 1024K, 0% used [0x00000000d5d00000,0x00000000d5d00000,0x00000000d5e00000)
 ParOldGen       total 780800K, used 780493K [0x0000000080000000, 0x00000000afa80000, 0x00000000d5580000)
  object space 780800K, 99% used [0x0000000080000000,0x00000000afa334e8,0x00000000afa80000)
 Metaspace       used 72147K, committed 73792K, reserved 1114112K
  class space    used 7804K, committed 8512K, reserved 1048576K
}
Event: 233.730 GC heap before
{Heap before GC invocations=1029 (full 3):
 PSYoungGen      total 7168K, used 7040K [0x00000000d5580000, 0x00000000d5e00000, 0x0000000100000000)
  eden space 6656K, 100% used [0x00000000d5580000,0x00000000d5c00000,0x00000000d5c00000)
  from space 512K, 75% used [0x00000000d5c00000,0x00000000d5c60020,0x00000000d5c80000)
  to   space 1024K, 0% used [0x00000000d5d00000,0x00000000d5d00000,0x00000000d5e00000)
 ParOldGen       total 780800K, used 780493K [0x0000000080000000, 0x00000000afa80000, 0x00000000d5580000)
  object space 780800K, 99% used [0x0000000080000000,0x00000000afa334e8,0x00000000afa80000)
 Metaspace       used 73084K, committed 74816K, reserved 1179648K
  class space    used 7884K, committed 8640K, reserved 1048576K
}
Event: 233.738 GC heap after
{Heap after GC invocations=1029 (full 3):
 PSYoungGen      total 7168K, used 384K [0x00000000d5580000, 0x00000000d5d80000, 0x0000000100000000)
  eden space 6656K, 0% used [0x00000000d5580000,0x00000000d5580000,0x00000000d5c00000)
  from space 512K, 75% used [0x00000000d5d00000,0x00000000d5d60000,0x00000000d5d80000)
  to   space 512K, 0% used [0x00000000d5c00000,0x00000000d5c00000,0x00000000d5c80000)
 ParOldGen       total 780800K, used 780715K [0x0000000080000000, 0x00000000afa80000, 0x00000000d5580000)
  object space 780800K, 99% used [0x0000000080000000,0x00000000afa6af70,0x00000000afa80000)
 Metaspace       used 73084K, committed 74816K, reserved 1179648K
  class space    used 7884K, committed 8640K, reserved 1048576K
}
Event: 234.135 GC heap before
{Heap before GC invocations=1030 (full 3):
 PSYoungGen      total 7168K, used 7040K [0x00000000d5580000, 0x00000000d5d80000, 0x0000000100000000)
  eden space 6656K, 100% used [0x00000000d5580000,0x00000000d5c00000,0x00000000d5c00000)
  from space 512K, 75% used [0x00000000d5d00000,0x00000000d5d60000,0x00000000d5d80000)
  to   space 512K, 0% used [0x00000000d5c00000,0x00000000d5c00000,0x00000000d5c80000)
 ParOldGen       total 780800K, used 780715K [0x0000000080000000, 0x00000000afa80000, 0x00000000d5580000)
  object space 780800K, 99% used [0x0000000080000000,0x00000000afa6af88,0x00000000afa80000)
 Metaspace       used 73870K, committed 75584K, reserved 1179648K
  class space    used 7952K, committed 8704K, reserved 1048576K
}
Event: 234.142 GC heap after
{Heap after GC invocations=1030 (full 3):
 PSYoungGen      total 7168K, used 481K [0x00000000d5580000, 0x00000000d5e00000, 0x0000000100000000)
  eden space 6656K, 0% used [0x00000000d5580000,0x00000000d5580000,0x00000000d5c00000)
  from space 512K, 93% used [0x00000000d5c00000,0x00000000d5c78490,0x00000000d5c80000)
  to   space 1024K, 0% used [0x00000000d5d00000,0x00000000d5d00000,0x00000000d5e00000)
 ParOldGen       total 781312K, used 781128K [0x0000000080000000, 0x00000000afb00000, 0x00000000d5580000)
  object space 781312K, 99% used [0x0000000080000000,0x00000000afad2218,0x00000000afb00000)
 Metaspace       used 73870K, committed 75584K, reserved 1179648K
  class space    used 7952K, committed 8704K, reserved 1048576K
}
Event: 234.696 GC heap before
{Heap before GC invocations=1031 (full 3):
 PSYoungGen      total 7168K, used 7137K [0x00000000d5580000, 0x00000000d5e00000, 0x0000000100000000)
  eden space 6656K, 100% used [0x00000000d5580000,0x00000000d5c00000,0x00000000d5c00000)
  from space 512K, 93% used [0x00000000d5c00000,0x00000000d5c78490,0x00000000d5c80000)
  to   space 1024K, 0% used [0x00000000d5d00000,0x00000000d5d00000,0x00000000d5e00000)
 ParOldGen       total 781312K, used 781131K [0x0000000080000000, 0x00000000afb00000, 0x00000000d5580000)
  object space 781312K, 99% used [0x0000000080000000,0x00000000afad2e18,0x00000000afb00000)
 Metaspace       used 73962K, committed 75712K, reserved 1179648K
  class space    used 7966K, committed 8704K, reserved 1048576K
}
Event: 234.707 GC heap after
{Heap after GC invocations=1031 (full 3):
 PSYoungGen      total 6656K, used 1011K [0x00000000d5580000, 0x00000000d6000000, 0x0000000100000000)
  eden space 5632K, 0% used [0x00000000d5580000,0x00000000d5580000,0x00000000d5b00000)
  from space 1024K, 98% used [0x00000000d5d00000,0x00000000d5dfcd10,0x00000000d5e00000)
  to   space 2048K, 0% used [0x00000000d5b00000,0x00000000d5b00000,0x00000000d5d00000)
 ParOldGen       total 782336K, used 781849K [0x0000000080000000, 0x00000000afc00000, 0x00000000d5580000)
  object space 782336K, 99% used [0x0000000080000000,0x00000000afb86420,0x00000000afc00000)
 Metaspace       used 73962K, committed 75712K, reserved 1179648K
  class space    used 7966K, committed 8704K, reserved 1048576K
}
Event: 235.006 GC heap before
{Heap before GC invocations=1032 (full 3):
 PSYoungGen      total 6656K, used 6639K [0x00000000d5580000, 0x00000000d6000000, 0x0000000100000000)
  eden space 5632K, 99% used [0x00000000d5580000,0x00000000d5aff138,0x00000000d5b00000)
  from space 1024K, 98% used [0x00000000d5d00000,0x00000000d5dfcd10,0x00000000d5e00000)
  to   space 2048K, 0% used [0x00000000d5b00000,0x00000000d5b00000,0x00000000d5d00000)
 ParOldGen       total 782336K, used 781849K [0x0000000080000000, 0x00000000afc00000, 0x00000000d5580000)
  object space 782336K, 99% used [0x0000000080000000,0x00000000afb86420,0x00000000afc00000)
 Metaspace       used 74047K, committed 75776K, reserved 1179648K
  class space    used 7970K, committed 8704K, reserved 1048576K
}
Event: 235.035 GC heap after
{Heap after GC invocations=1032 (full 3):
 PSYoungGen      total 7680K, used 1463K [0x00000000d5580000, 0x00000000d5f00000, 0x0000000100000000)
  eden space 5632K, 0% used [0x00000000d5580000,0x00000000d5580000,0x00000000d5b00000)
  from space 2048K, 71% used [0x00000000d5b00000,0x00000000d5c6ddf8,0x00000000d5d00000)
  to   space 2048K, 0% used [0x00000000d5d00000,0x00000000d5d00000,0x00000000d5f00000)
 ParOldGen       total 782848K, used 782779K [0x0000000080000000, 0x00000000afc80000, 0x00000000d5580000)
  object space 782848K, 99% used [0x0000000080000000,0x00000000afc6ef28,0x00000000afc80000)
 Metaspace       used 74047K, committed 75776K, reserved 1179648K
  class space    used 7970K, committed 8704K, reserved 1048576K
}
Event: 235.127 GC heap before
{Heap before GC invocations=1033 (full 3):
 PSYoungGen      total 7680K, used 6983K [0x00000000d5580000, 0x00000000d5f00000, 0x0000000100000000)
  eden space 5632K, 98% used [0x00000000d5580000,0x00000000d5ae3e90,0x00000000d5b00000)
  from space 2048K, 71% used [0x00000000d5b00000,0x00000000d5c6ddf8,0x00000000d5d00000)
  to   space 2048K, 0% used [0x00000000d5d00000,0x00000000d5d00000,0x00000000d5f00000)
 ParOldGen       total 782848K, used 782779K [0x0000000080000000, 0x00000000afc80000, 0x00000000d5580000)
  object space 782848K, 99% used [0x0000000080000000,0x00000000afc6ef28,0x00000000afc80000)
 Metaspace       used 74075K, committed 75776K, reserved 1179648K
  class space    used 7971K, committed 8704K, reserved 1048576K
}
Event: 235.134 GC heap after
{Heap after GC invocations=1033 (full 3):
 PSYoungGen      total 7168K, used 1977K [0x00000000d5580000, 0x00000000d6000000, 0x0000000100000000)
  eden space 5120K, 0% used [0x00000000d5580000,0x00000000d5580000,0x00000000d5a80000)
  from space 2048K, 96% used [0x00000000d5d00000,0x00000000d5eee718,0x00000000d5f00000)
  to   space 2560K, 0% used [0x00000000d5a80000,0x00000000d5a80000,0x00000000d5d00000)
 ParOldGen       total 784384K, used 784116K [0x0000000080000000, 0x00000000afe00000, 0x00000000d5580000)
  object space 784384K, 99% used [0x0000000080000000,0x00000000afdbd2f8,0x00000000afe00000)
 Metaspace       used 74075K, committed 75776K, reserved 1179648K
  class space    used 7971K, committed 8704K, reserved 1048576K
}
Event: 235.154 GC heap before
{Heap before GC invocations=1034 (full 3):
 PSYoungGen      total 7168K, used 7097K [0x00000000d5580000, 0x00000000d6000000, 0x0000000100000000)
  eden space 5120K, 100% used [0x00000000d5580000,0x00000000d5a80000,0x00000000d5a80000)
  from space 2048K, 96% used [0x00000000d5d00000,0x00000000d5eee718,0x00000000d5f00000)
  to   space 2560K, 0% used [0x00000000d5a80000,0x00000000d5a80000,0x00000000d5d00000)
 ParOldGen       total 784384K, used 784116K [0x0000000080000000, 0x00000000afe00000, 0x00000000d5580000)
  object space 784384K, 99% used [0x0000000080000000,0x00000000afdbd2f8,0x00000000afe00000)
 Metaspace       used 74087K, committed 75776K, reserved 1179648K
  class space    used 7971K, committed 8704K, reserved 1048576K
}
Event: 235.160 GC heap after
{Heap after GC invocations=1034 (full 3):
 PSYoungGen      total 6656K, used 1063K [0x00000000d5580000, 0x00000000d5d80000, 0x0000000100000000)
  eden space 5120K, 0% used [0x00000000d5580000,0x00000000d5580000,0x00000000d5a80000)
  from space 1536K, 69% used [0x00000000d5a80000,0x00000000d5b89f20,0x00000000d5c00000)
  to   space 1536K, 0% used [0x00000000d5c00000,0x00000000d5c00000,0x00000000d5d80000)
 ParOldGen       total 784896K, used 784681K [0x0000000080000000, 0x00000000afe80000, 0x00000000d5580000)
  object space 784896K, 99% used [0x0000000080000000,0x00000000afe4a5e0,0x00000000afe80000)
 Metaspace       used 74087K, committed 75776K, reserved 1179648K
  class space    used 7971K, committed 8704K, reserved 1048576K
}
Event: 235.187 GC heap before
{Heap before GC invocations=1035 (full 3):
 PSYoungGen      total 6656K, used 6183K [0x00000000d5580000, 0x00000000d5d80000, 0x0000000100000000)
  eden space 5120K, 100% used [0x00000000d5580000,0x00000000d5a80000,0x00000000d5a80000)
  from space 1536K, 69% used [0x00000000d5a80000,0x00000000d5b89f20,0x00000000d5c00000)
  to   space 1536K, 0% used [0x00000000d5c00000,0x00000000d5c00000,0x00000000d5d80000)
 ParOldGen       total 784896K, used 784681K [0x0000000080000000, 0x00000000afe80000, 0x00000000d5580000)
  object space 784896K, 99% used [0x0000000080000000,0x00000000afe4a5e0,0x00000000afe80000)
 Metaspace       used 74101K, committed 75776K, reserved 1179648K
  class space    used 7971K, committed 8704K, reserved 1048576K
}
Event: 235.197 GC heap after
{Heap after GC invocations=1035 (full 3):
 PSYoungGen      total 6144K, used 563K [0x00000000d5580000, 0x00000000d5d00000, 0x0000000100000000)
  eden space 5120K, 0% used [0x00000000d5580000,0x00000000d5580000,0x00000000d5a80000)
  from space 1024K, 55% used [0x00000000d5c00000,0x00000000d5c8cf60,0x00000000d5d00000)
  to   space 1024K, 0% used [0x00000000d5b00000,0x00000000d5b00000,0x00000000d5c00000)
 ParOldGen       total 784896K, used 784721K [0x0000000080000000, 0x00000000afe80000, 0x00000000d5580000)
  object space 784896K, 99% used [0x0000000080000000,0x00000000afe545e0,0x00000000afe80000)
 Metaspace       used 74101K, committed 75776K, reserved 1179648K
  class space    used 7971K, committed 8704K, reserved 1048576K
}

