# JRE version: OpenJDK Runtime Environment Temurin-21.0.9+10 (21.0.9+10) (build 21.0.9+10-LTS)
# Java VM: OpenJDK 64-Bit Server VM Temurin-21.0.9+10 (21.0.9+10-LTS, mixed mode, tiered, compressed oops, compressed class ptrs, parallel gc, windows-amd64)
GC Precious Log:
 CardTable entry size: 512
 CPUs: 8 total, 8 available
 Memory: 3460M
 Large Page Support: Disabled
 NUMA Support: Disabled
 Compressed Oops: Enabled (32-bit)
 Alignments: Space 512K, Generation 512K, Heap 2M
 Heap Min Capacity: 100M
 Heap Initial Capacity: 100M
 Heap Max Capacity: 2G
 Pre-touch: Disabled
 Parallel Workers: 8
Heap:
 PSYoungGen      total 23552K, used 13144K [0x00000000d5580000, 0x00000000d6f80000, 0x0000000100000000)
  eden space 22016K, 54% used [0x00000000d5580000,0x00000000d6127a50,0x00000000d6b00000)
  from space 1536K, 78% used [0x00000000d6d80000,0x00000000d6eae938,0x00000000d6f00000)
  to   space 512K, 0% used [0x00000000d6f00000,0x00000000d6f00000,0x00000000d6f80000)
 ParOldGen       total 68608K, used 17124K [0x0000000080000000, 0x0000000084300000, 0x00000000d5580000)
  object space 68608K, 24% used [0x0000000080000000,0x00000000810b9298,0x0000000084300000)
 Metaspace       used 42945K, committed 43968K, reserved 1114112K
  class space    used 4358K, committed 4800K, reserved 1048576K
GC Heap History (20 events):
Event: 14.422 GC heap before
{Heap before GC invocations=6 (full 1):
 PSYoungGen      total 29696K, used 4080K [0x00000000d5580000, 0x00000000d7880000, 0x0000000100000000)
  eden space 25600K, 0% used [0x00000000d5580000,0x00000000d5580000,0x00000000d6e80000)
  from space 4096K, 99% used [0x00000000d6e80000,0x00000000d727c200,0x00000000d7280000)
  to   space 5120K, 0% used [0x00000000d7380000,0x00000000d7380000,0x00000000d7880000)
 ParOldGen       total 68608K, used 6430K [0x0000000080000000, 0x0000000084300000, 0x00000000d5580000)
  object space 68608K, 9% used [0x0000000080000000,0x0000000080647a20,0x0000000084300000)
 Metaspace       used 21145K, committed 21504K, reserved 1114112K
  class space    used 2147K, committed 2304K, reserved 1048576K
}
Event: 14.464 GC heap after
{Heap after GC invocations=6 (full 1):
 PSYoungGen      total 29696K, used 0K [0x00000000d5580000, 0x00000000d7880000, 0x0000000100000000)
  eden space 25600K, 0% used [0x00000000d5580000,0x00000000d5580000,0x00000000d6e80000)
  from space 4096K, 0% used [0x00000000d6e80000,0x00000000d6e80000,0x00000000d7280000)
  to   space 5120K, 0% used [0x00000000d7380000,0x00000000d7380000,0x00000000d7880000)
 ParOldGen       total 68608K, used 10208K [0x0000000080000000, 0x0000000084300000, 0x00000000d5580000)
  object space 68608K, 14% used [0x0000000080000000,0x00000000809f83b0,0x0000000084300000)
 Metaspace       used 21145K, committed 21504K, reserved 1114112K
  class space    used 2147K, committed 2304K, reserved 1048576K
}
Event: 19.946 GC heap before
{Heap before GC invocations=7 (full 1):
 PSYoungGen      total 29696K, used 25600K [0x00000000d5580000, 0x00000000d7880000, 0x0000000100000000)
  eden space 25600K, 100% used [0x00000000d5580000,0x00000000d6e80000,0x00000000d6e80000)
  from space 4096K, 0% used [0x00000000d6e80000,0x00000000d6e80000,0x00000000d7280000)
  to   space 5120K, 0% used [0x00000000d7380000,0x00000000d7380000,0x00000000d7880000)
 ParOldGen       total 68608K, used 10208K [0x0000000080000000, 0x0000000084300000, 0x00000000d5580000)
  object space 68608K, 14% used [0x0000000080000000,0x00000000809f83b0,0x0000000084300000)
 Metaspace       used 25601K, committed 26240K, reserved 1114112K
  class space    used 2575K, committed 2880K, reserved 1048576K
}
Event: 19.950 GC heap after
{Heap after GC invocations=7 (full 1):
 PSYoungGen      total 27136K, used 1783K [0x00000000d5580000, 0x00000000d7580000, 0x0000000100000000)
  eden space 25088K, 0% used [0x00000000d5580000,0x00000000d5580000,0x00000000d6e00000)
  from space 2048K, 87% used [0x00000000d7380000,0x00000000d753df50,0x00000000d7580000)
  to   space 3072K, 0% used [0x00000000d6f80000,0x00000000d6f80000,0x00000000d7280000)
 ParOldGen       total 68608K, used 10216K [0x0000000080000000, 0x0000000084300000, 0x00000000d5580000)
  object space 68608K, 14% used [0x0000000080000000,0x00000000809fa3b0,0x0000000084300000)
 Metaspace       used 25601K, committed 26240K, reserved 1114112K
  class space    used 2575K, committed 2880K, reserved 1048576K
}
Event: 21.053 GC heap before
{Heap before GC invocations=8 (full 1):
 PSYoungGen      total 27136K, used 26871K [0x00000000d5580000, 0x00000000d7580000, 0x0000000100000000)
  eden space 25088K, 100% used [0x00000000d5580000,0x00000000d6e00000,0x00000000d6e00000)
  from space 2048K, 87% used [0x00000000d7380000,0x00000000d753df50,0x00000000d7580000)
  to   space 3072K, 0% used [0x00000000d6f80000,0x00000000d6f80000,0x00000000d7280000)
 ParOldGen       total 68608K, used 10216K [0x0000000080000000, 0x0000000084300000, 0x00000000d5580000)
  object space 68608K, 14% used [0x0000000080000000,0x00000000809fa3b0,0x0000000084300000)
 Metaspace       used 28146K, committed 28928K, reserved 1114112K
  class space    used 2864K, committed 3200K, reserved 1048576K
}
Event: 21.059 GC heap after
{Heap after GC invocations=8 (full 1):
 PSYoungGen      total 27648K, used 3062K [0x00000000d5580000, 0x00000000d7580000, 0x0000000100000000)
  eden space 24576K, 0% used [0x00000000d5580000,0x00000000d5580000,0x00000000d6d80000)
  from space 3072K, 99% used [0x00000000d6f80000,0x00000000d727db98,0x00000000d7280000)
  to   space 3072K, 0% used [0x00000000d7280000,0x00000000d7280000,0x00000000d7580000)
 ParOldGen       total 68608K, used 10520K [0x0000000080000000, 0x0000000084300000, 0x00000000d5580000)
  object space 68608K, 15% used [0x0000000080000000,0x0000000080a463b0,0x0000000084300000)
 Metaspace       used 28146K, committed 28928K, reserved 1114112K
  class space    used 2864K, committed 3200K, reserved 1048576K
}
Event: 21.959 GC heap before
{Heap before GC invocations=9 (full 1):
 PSYoungGen      total 27648K, used 27632K [0x00000000d5580000, 0x00000000d7580000, 0x0000000100000000)
  eden space 24576K, 99% used [0x00000000d5580000,0x00000000d6d7e608,0x00000000d6d80000)
  from space 3072K, 99% used [0x00000000d6f80000,0x00000000d727db98,0x00000000d7280000)
  to   space 3072K, 0% used [0x00000000d7280000,0x00000000d7280000,0x00000000d7580000)
 ParOldGen       total 68608K, used 10520K [0x0000000080000000, 0x0000000084300000, 0x00000000d5580000)
  object space 68608K, 15% used [0x0000000080000000,0x0000000080a463b0,0x0000000084300000)
 Metaspace       used 31495K, committed 32448K, reserved 1114112K
  class space    used 3233K, committed 3648K, reserved 1048576K
}
Event: 21.963 GC heap after
{Heap after GC invocations=9 (full 1):
 PSYoungGen      total 27136K, used 3071K [0x00000000d5580000, 0x00000000d7800000, 0x0000000100000000)
  eden space 24064K, 0% used [0x00000000d5580000,0x00000000d5580000,0x00000000d6d00000)
  from space 3072K, 99% used [0x00000000d7280000,0x00000000d757fd18,0x00000000d7580000)
  to   space 5632K, 0% used [0x00000000d6d00000,0x00000000d6d00000,0x00000000d7280000)
 ParOldGen       total 68608K, used 12571K [0x0000000080000000, 0x0000000084300000, 0x00000000d5580000)
  object space 68608K, 18% used [0x0000000080000000,0x0000000080c46fe0,0x0000000084300000)
 Metaspace       used 31495K, committed 32448K, reserved 1114112K
  class space    used 3233K, committed 3648K, reserved 1048576K
}
Event: 22.342 GC heap before
{Heap before GC invocations=10 (full 1):
 PSYoungGen      total 27136K, used 27135K [0x00000000d5580000, 0x00000000d7800000, 0x0000000100000000)
  eden space 24064K, 100% used [0x00000000d5580000,0x00000000d6d00000,0x00000000d6d00000)
  from space 3072K, 99% used [0x00000000d7280000,0x00000000d757fd18,0x00000000d7580000)
  to   space 5632K, 0% used [0x00000000d6d00000,0x00000000d6d00000,0x00000000d7280000)
 ParOldGen       total 68608K, used 12571K [0x0000000080000000, 0x0000000084300000, 0x00000000d5580000)
  object space 68608K, 18% used [0x0000000080000000,0x0000000080c46fe0,0x0000000084300000)
 Metaspace       used 34011K, committed 35072K, reserved 1114112K
  class space    used 3389K, committed 3840K, reserved 1048576K
}
Event: 22.346 GC heap after
{Heap after GC invocations=10 (full 1):
 PSYoungGen      total 26624K, used 2581K [0x00000000d5580000, 0x00000000d7380000, 0x0000000100000000)
  eden space 23552K, 0% used [0x00000000d5580000,0x00000000d5580000,0x00000000d6c80000)
  from space 3072K, 84% used [0x00000000d6d00000,0x00000000d6f85468,0x00000000d7000000)
  to   space 3584K, 0% used [0x00000000d7000000,0x00000000d7000000,0x00000000d7380000)
 ParOldGen       total 68608K, used 13429K [0x0000000080000000, 0x0000000084300000, 0x00000000d5580000)
  object space 68608K, 19% used [0x0000000080000000,0x0000000080d1d460,0x0000000084300000)
 Metaspace       used 34011K, committed 35072K, reserved 1114112K
  class space    used 3389K, committed 3840K, reserved 1048576K
}
Event: 22.462 GC heap before
{Heap before GC invocations=11 (full 1):
 PSYoungGen      total 26624K, used 7985K [0x00000000d5580000, 0x00000000d7380000, 0x0000000100000000)
  eden space 23552K, 22% used [0x00000000d5580000,0x00000000d5ac7108,0x00000000d6c80000)
  from space 3072K, 84% used [0x00000000d6d00000,0x00000000d6f85468,0x00000000d7000000)
  to   space 3584K, 0% used [0x00000000d7000000,0x00000000d7000000,0x00000000d7380000)
 ParOldGen       total 68608K, used 13429K [0x0000000080000000, 0x0000000084300000, 0x00000000d5580000)
  object space 68608K, 19% used [0x0000000080000000,0x0000000080d1d460,0x0000000084300000)
 Metaspace       used 34828K, committed 35840K, reserved 1114112K
  class space    used 3454K, committed 3904K, reserved 1048576K
}
Event: 22.466 GC heap after
{Heap after GC invocations=11 (full 1):
 PSYoungGen      total 24064K, used 476K [0x00000000d5580000, 0x00000000d7080000, 0x0000000100000000)
  eden space 23552K, 0% used [0x00000000d5580000,0x00000000d5580000,0x00000000d6c80000)
  from space 512K, 93% used [0x00000000d7000000,0x00000000d70771b0,0x00000000d7080000)
  to   space 1536K, 0% used [0x00000000d6d80000,0x00000000d6d80000,0x00000000d6f00000)
 ParOldGen       total 68608K, used 15664K [0x0000000080000000, 0x0000000084300000, 0x00000000d5580000)
  object space 68608K, 22% used [0x0000000080000000,0x0000000080f4c378,0x0000000084300000)
 Metaspace       used 34828K, committed 35840K, reserved 1114112K
  class space    used 3454K, committed 3904K, reserved 1048576K
}
Event: 22.466 GC heap before
{Heap before GC invocations=12 (full 2):
 PSYoungGen      total 24064K, used 476K [0x00000000d5580000, 0x00000000d7080000, 0x0000000100000000)
  eden space 23552K, 0% used [0x00000000d5580000,0x00000000d5580000,0x00000000d6c80000)
  from space 512K, 93% used [0x00000000d7000000,0x00000000d70771b0,0x00000000d7080000)
  to   space 1536K, 0% used [0x00000000d6d80000,0x00000000d6d80000,0x00000000d6f00000)
 ParOldGen       total 68608K, used 15664K [0x0000000080000000, 0x0000000084300000, 0x00000000d5580000)
  object space 68608K, 22% used [0x0000000080000000,0x0000000080f4c378,0x0000000084300000)
 Metaspace       used 34828K, committed 35840K, reserved 1114112K
  class space    used 3454K, committed 3904K, reserved 1048576K
}
Event: 22.513 GC heap after
{Heap after GC invocations=12 (full 2):
 PSYoungGen      total 24064K, used 0K [0x00000000d5580000, 0x00000000d7080000, 0x0000000100000000)
  eden space 23552K, 0% used [0x00000000d5580000,0x00000000d5580000,0x00000000d6c80000)
  from space 512K, 0% used [0x00000000d7000000,0x00000000d7000000,0x00000000d7080000)
  to   space 1536K, 0% used [0x00000000d6d80000,0x00000000d6d80000,0x00000000d6f00000)
 ParOldGen       total 68608K, used 14146K [0x0000000080000000, 0x0000000084300000, 0x00000000d5580000)
  object space 68608K, 20% used [0x0000000080000000,0x0000000080dd0bf0,0x0000000084300000)
 Metaspace       used 34815K, committed 35840K, reserved 1114112K
  class space    used 3450K, committed 3904K, reserved 1048576K
}
Event: 22.870 GC heap before
{Heap before GC invocations=13 (full 2):
 PSYoungGen      total 24064K, used 23552K [0x00000000d5580000, 0x00000000d7080000, 0x0000000100000000)
  eden space 23552K, 100% used [0x00000000d5580000,0x00000000d6c80000,0x00000000d6c80000)
  from space 512K, 0% used [0x00000000d7000000,0x00000000d7000000,0x00000000d7080000)
  to   space 1536K, 0% used [0x00000000d6d80000,0x00000000d6d80000,0x00000000d6f00000)
 ParOldGen       total 68608K, used 14146K [0x0000000080000000, 0x0000000084300000, 0x00000000d5580000)
  object space 68608K, 20% used [0x0000000080000000,0x0000000080dd0bf0,0x0000000084300000)
 Metaspace       used 36549K, committed 37504K, reserved 1114112K
  class space    used 3580K, committed 3968K, reserved 1048576K
}
Event: 22.873 GC heap after
{Heap after GC invocations=13 (full 2):
 PSYoungGen      total 24576K, used 1371K [0x00000000d5580000, 0x00000000d7080000, 0x0000000100000000)
  eden space 23040K, 0% used [0x00000000d5580000,0x00000000d5580000,0x00000000d6c00000)
  from space 1536K, 89% used [0x00000000d6d80000,0x00000000d6ed6da0,0x00000000d6f00000)
  to   space 1536K, 0% used [0x00000000d6f00000,0x00000000d6f00000,0x00000000d7080000)
 ParOldGen       total 68608K, used 14936K [0x0000000080000000, 0x0000000084300000, 0x00000000d5580000)
  object space 68608K, 21% used [0x0000000080000000,0x0000000080e96100,0x0000000084300000)
 Metaspace       used 36549K, committed 37504K, reserved 1114112K
  class space    used 3580K, committed 3968K, reserved 1048576K
}
Event: 23.403 GC heap before
{Heap before GC invocations=14 (full 2):
 PSYoungGen      total 24576K, used 24411K [0x00000000d5580000, 0x00000000d7080000, 0x0000000100000000)
  eden space 23040K, 100% used [0x00000000d5580000,0x00000000d6c00000,0x00000000d6c00000)
  from space 1536K, 89% used [0x00000000d6d80000,0x00000000d6ed6da0,0x00000000d6f00000)
  to   space 1536K, 0% used [0x00000000d6f00000,0x00000000d6f00000,0x00000000d7080000)
 ParOldGen       total 68608K, used 14936K [0x0000000080000000, 0x0000000084300000, 0x00000000d5580000)
  object space 68608K, 21% used [0x0000000080000000,0x0000000080e96100,0x0000000084300000)
 Metaspace       used 39187K, committed 40192K, reserved 1114112K
  class space    used 3893K, committed 4352K, reserved 1048576K
}
Event: 23.405 GC heap after
{Heap after GC invocations=14 (full 2):
 PSYoungGen      total 24064K, used 1147K [0x00000000d5580000, 0x00000000d7080000, 0x0000000100000000)
  eden space 22528K, 0% used [0x00000000d5580000,0x00000000d5580000,0x00000000d6b80000)
  from space 1536K, 74% used [0x00000000d6f00000,0x00000000d701eeb0,0x00000000d7080000)
  to   space 1536K, 0% used [0x00000000d6d80000,0x00000000d6d80000,0x00000000d6f00000)
 ParOldGen       total 68608K, used 16131K [0x0000000080000000, 0x0000000084300000, 0x00000000d5580000)
  object space 68608K, 23% used [0x0000000080000000,0x0000000080fc0e30,0x0000000084300000)
 Metaspace       used 39187K, committed 40192K, reserved 1114112K
  class space    used 3893K, committed 4352K, reserved 1048576K
}
Event: 24.899 GC heap before
{Heap before GC invocations=15 (full 2):
 PSYoungGen      total 24064K, used 23675K [0x00000000d5580000, 0x00000000d7080000, 0x0000000100000000)
  eden space 22528K, 100% used [0x00000000d5580000,0x00000000d6b80000,0x00000000d6b80000)
  from space 1536K, 74% used [0x00000000d6f00000,0x00000000d701eeb0,0x00000000d7080000)
  to   space 1536K, 0% used [0x00000000d6d80000,0x00000000d6d80000,0x00000000d6f00000)
 ParOldGen       total 68608K, used 16131K [0x0000000080000000, 0x0000000084300000, 0x00000000d5580000)
  object space 68608K, 23% used [0x0000000080000000,0x0000000080fc0e30,0x0000000084300000)
 Metaspace       used 41795K, committed 42816K, reserved 1114112K
  class space    used 4228K, committed 4672K, reserved 1048576K
}
Event: 24.904 GC heap after
{Heap after GC invocations=15 (full 2):
 PSYoungGen      total 23552K, used 1210K [0x00000000d5580000, 0x00000000d6f80000, 0x0000000100000000)
  eden space 22016K, 0% used [0x00000000d5580000,0x00000000d5580000,0x00000000d6b00000)
  from space 1536K, 78% used [0x00000000d6d80000,0x00000000d6eae938,0x00000000d6f00000)
  to   space 512K, 0% used [0x00000000d6f00000,0x00000000d6f00000,0x00000000d6f80000)
 ParOldGen       total 68608K, used 17124K [0x0000000080000000, 0x0000000084300000, 0x00000000d5580000)
  object space 68608K, 24% used [0x0000000080000000,0x00000000810b9298,0x0000000084300000)
 Metaspace       used 41795K, committed 42816K, reserved 1114112K
  class space    used 4228K, committed 4672K, reserved 1048576K
}

