# JRE version: OpenJDK Runtime Environment Temurin-21.0.8+9 (21.0.8+9) (build 21.0.8+9-LTS)
# Java VM: OpenJDK 64-Bit Server VM Temurin-21.0.8+9 (21.0.8+9-LTS, mixed mode, sharing, tiered, compressed oops, compressed class ptrs, g1 gc, windows-amd64)
GC Precious Log:
 CardTable entry size: 512
 Card Set container configuration: InlinePtr #cards 5 size 8 Array Of Cards #cards 12 size 40 Howl #buckets 4 coarsen threshold 1843 Howl Bitmap #cards 512 size 80 coarsen threshold 460 Card regions per heap region 1 cards per card region 2048
 CPUs: 8 total, 8 available
 Memory: 3460M
 Large Page Support: Disabled
 NUMA Support: Disabled
 Compressed Oops: Enabled (32-bit)
 Heap Region Size: 1M
 Heap Min Capacity: 8M
 Heap Initial Capacity: 56M
 Heap Max Capacity: 866M
 Pre-touch: Disabled
 Parallel Workers: 8
 Concurrent Workers: 2
 Concurrent Refinement Workers: 8
 Periodic GC: Disabled
Heap:
 garbage-first heap   total 104448K, used 48640K [0x00000000c9e00000, 0x0000000100000000)
  region size 1024K, 12 young (12288K), 5 survivors (5120K)
 Metaspace       used 30710K, committed 31040K, reserved 1114112K
  class space    used 3584K, committed 3712K, reserved 1048576K
GC Heap History (20 events):
Event: 1.941 GC heap before
{Heap before GC invocations=1 (full 0):
 garbage-first heap   total 57344K, used 30348K [0x00000000c9e00000, 0x0000000100000000)
  region size 1024K, 29 young (29696K), 3 survivors (3072K)
 Metaspace       used 8711K, committed 8960K, reserved 1114112K
  class space    used 1040K, committed 1152K, reserved 1048576K
}
Event: 1.948 GC heap after
{Heap after GC invocations=2 (full 0):
 garbage-first heap   total 57344K, used 5062K [0x00000000c9e00000, 0x0000000100000000)
  region size 1024K, 2 young (2048K), 2 survivors (2048K)
 Metaspace       used 8711K, committed 8960K, reserved 1114112K
  class space    used 1040K, committed 1152K, reserved 1048576K
}
Event: 3.023 GC heap before
{Heap before GC invocations=2 (full 0):
 garbage-first heap   total 57344K, used 36806K [0x00000000c9e00000, 0x0000000100000000)
  region size 1024K, 33 young (33792K), 2 survivors (2048K)
 Metaspace       used 14995K, committed 15232K, reserved 1114112K
  class space    used 1825K, committed 1920K, reserved 1048576K
}
Event: 3.033 GC heap after
{Heap after GC invocations=3 (full 0):
 garbage-first heap   total 57344K, used 8451K [0x00000000c9e00000, 0x0000000100000000)
  region size 1024K, 5 young (5120K), 5 survivors (5120K)
 Metaspace       used 14995K, committed 15232K, reserved 1114112K
  class space    used 1825K, committed 1920K, reserved 1048576K
}
Event: 3.902 GC heap before
{Heap before GC invocations=3 (full 0):
 garbage-first heap   total 57344K, used 37123K [0x00000000c9e00000, 0x0000000100000000)
  region size 1024K, 33 young (33792K), 5 survivors (5120K)
 Metaspace       used 15941K, committed 16192K, reserved 1114112K
  class space    used 1899K, committed 1984K, reserved 1048576K
}
Event: 3.918 GC heap after
{Heap after GC invocations=4 (full 0):
 garbage-first heap   total 57344K, used 12857K [0x00000000c9e00000, 0x0000000100000000)
  region size 1024K, 5 young (5120K), 5 survivors (5120K)
 Metaspace       used 15941K, committed 16192K, reserved 1114112K
  class space    used 1899K, committed 1984K, reserved 1048576K
}
Event: 4.620 GC heap before
{Heap before GC invocations=4 (full 0):
 garbage-first heap   total 57344K, used 41529K [0x00000000c9e00000, 0x0000000100000000)
  region size 1024K, 33 young (33792K), 5 survivors (5120K)
 Metaspace       used 16228K, committed 16448K, reserved 1114112K
  class space    used 1904K, committed 1984K, reserved 1048576K
}
Event: 4.629 GC heap after
{Heap after GC invocations=5 (full 0):
 garbage-first heap   total 57344K, used 14040K [0x00000000c9e00000, 0x0000000100000000)
  region size 1024K, 2 young (2048K), 2 survivors (2048K)
 Metaspace       used 16228K, committed 16448K, reserved 1114112K
  class space    used 1904K, committed 1984K, reserved 1048576K
}
Event: 5.218 GC heap before
{Heap before GC invocations=5 (full 0):
 garbage-first heap   total 57344K, used 39640K [0x00000000c9e00000, 0x0000000100000000)
  region size 1024K, 20 young (20480K), 2 survivors (2048K)
 Metaspace       used 17472K, committed 17792K, reserved 1114112K
  class space    used 2039K, committed 2176K, reserved 1048576K
}
Event: 5.224 GC heap after
{Heap after GC invocations=6 (full 0):
 garbage-first heap   total 69632K, used 23436K [0x00000000c9e00000, 0x0000000100000000)
  region size 1024K, 3 young (3072K), 3 survivors (3072K)
 Metaspace       used 17472K, committed 17792K, reserved 1114112K
  class space    used 2039K, committed 2176K, reserved 1048576K
}
Event: 5.228 GC heap before
{Heap before GC invocations=6 (full 0):
 garbage-first heap   total 69632K, used 35724K [0x00000000c9e00000, 0x0000000100000000)
  region size 1024K, 4 young (4096K), 3 survivors (3072K)
 Metaspace       used 17472K, committed 17792K, reserved 1114112K
  class space    used 2039K, committed 2176K, reserved 1048576K
}
Event: 5.234 GC heap after
{Heap after GC invocations=7 (full 0):
 garbage-first heap   total 69632K, used 35860K [0x00000000c9e00000, 0x0000000100000000)
  region size 1024K, 3 young (3072K), 3 survivors (3072K)
 Metaspace       used 17472K, committed 17792K, reserved 1114112K
  class space    used 2039K, committed 2176K, reserved 1048576K
}
Event: 6.056 GC heap before
{Heap before GC invocations=8 (full 0):
 garbage-first heap   total 81920K, used 79892K [0x00000000c9e00000, 0x0000000100000000)
  region size 1024K, 28 young (28672K), 3 survivors (3072K)
 Metaspace       used 20289K, committed 20672K, reserved 1114112K
  class space    used 2367K, committed 2560K, reserved 1048576K
}
Event: 6.067 GC heap after
{Heap after GC invocations=9 (full 0):
 garbage-first heap   total 86016K, used 22271K [0x00000000c9e00000, 0x0000000100000000)
  region size 1024K, 4 young (4096K), 4 survivors (4096K)
 Metaspace       used 20289K, committed 20672K, reserved 1114112K
  class space    used 2367K, committed 2560K, reserved 1048576K
}
Event: 7.228 GC heap before
{Heap before GC invocations=9 (full 0):
 garbage-first heap   total 86016K, used 74495K [0x00000000c9e00000, 0x0000000100000000)
  region size 1024K, 50 young (51200K), 4 survivors (4096K)
 Metaspace       used 27003K, committed 27328K, reserved 1114112K
  class space    used 3154K, committed 3328K, reserved 1048576K
}
Event: 7.244 GC heap after
{Heap after GC invocations=10 (full 0):
 garbage-first heap   total 86016K, used 31083K [0x00000000c9e00000, 0x0000000100000000)
  region size 1024K, 7 young (7168K), 7 survivors (7168K)
 Metaspace       used 27003K, committed 27328K, reserved 1114112K
  class space    used 3154K, committed 3328K, reserved 1048576K
}
Event: 7.949 GC heap before
{Heap before GC invocations=10 (full 0):
 garbage-first heap   total 86016K, used 81259K [0x00000000c9e00000, 0x0000000100000000)
  region size 1024K, 48 young (49152K), 7 survivors (7168K)
 Metaspace       used 27063K, committed 27456K, reserved 1114112K
  class space    used 3155K, committed 3328K, reserved 1048576K
}
Event: 7.970 GC heap after
{Heap after GC invocations=11 (full 0):
 garbage-first heap   total 104448K, used 49664K [0x00000000c9e00000, 0x0000000100000000)
  region size 1024K, 6 young (6144K), 6 survivors (6144K)
 Metaspace       used 27063K, committed 27456K, reserved 1114112K
  class space    used 3155K, committed 3328K, reserved 1048576K
}
Event: 9.491 GC heap before
{Heap before GC invocations=11 (full 0):
 garbage-first heap   total 104448K, used 69120K [0x00000000c9e00000, 0x0000000100000000)
  region size 1024K, 27 young (27648K), 6 survivors (6144K)
 Metaspace       used 29428K, committed 29696K, reserved 1114112K
  class space    used 3390K, committed 3520K, reserved 1048576K
}
Event: 9.501 GC heap after
{Heap after GC invocations=12 (full 0):
 garbage-first heap   total 104448K, used 48640K [0x00000000c9e00000, 0x0000000100000000)
  region size 1024K, 5 young (5120K), 5 survivors (5120K)
 Metaspace       used 29428K, committed 29696K, reserved 1114112K
  class space    used 3390K, committed 3520K, reserved 1048576K
}

